<?xml version="1.0" encoding="UTF-8"?>
<testsuite xmlns:xsi="http://www.w3.org/2001/XMLSchema-instance" xsi:noNamespaceSchemaLocation="https://maven.apache.org/surefire/maven-surefire-plugin/xsd/surefire-test-report-3.0.xsd" version="3.0" name="schemacrawler.integration.test.TestBundledDistributions" time="0.081" tests="1" errors="0" skipped="0" failures="0">
  <properties>
[...]
</properties>
  <testcase name="testPlugin_newdb" classname="schemacrawler.integration.test.TestBundledDistributions" time="0.049">
    <system-err><![CDATA[Jul 16, 2024 6:29:47 PM mi.NewDBDatabaseConnector <init>
INFO: Loaded plugin for NewDB
]]></system-err>
  </testcase>
</testsuite>